/*C3*/SET SCHEMA PUBLIC
DISCONNECT
/*C4*/SET SCHEMA PUBLIC
DISCONNECT
/*C5*/SET SCHEMA PUBLIC
DISCONNECT
/*C6*/SET SCHEMA PUBLIC
DISCONNECT
/*C7*/SET SCHEMA PUBLIC
DISCONNECT
/*C8*/SET SCHEMA PUBLIC
DISCONNECT
/*C9*/SET SCHEMA PUBLIC
INSERT INTO USUARIO VALUES(1,'aux','aux','aux')
COMMIT
DISCONNECT
/*C10*/SET SCHEMA PUBLIC
DISCONNECT
/*C11*/SET SCHEMA PUBLIC
DISCONNECT
/*C12*/SET SCHEMA PUBLIC
DISCONNECT
/*C13*/SET SCHEMA PUBLIC
DISCONNECT
/*C14*/SET SCHEMA PUBLIC
INSERT INTO USUARIO VALUES(2,'aux2','aux2','aux')
COMMIT
DISCONNECT
/*C15*/SET SCHEMA PUBLIC
DISCONNECT
/*C16*/SET SCHEMA PUBLIC
INSERT INTO TELEFONE VALUES(0,2,81,'123456789','p')
COMMIT
DISCONNECT
/*C17*/SET SCHEMA PUBLIC
INSERT INTO TELEFONE VALUES(1,2,81,'987654321','p')
COMMIT
DISCONNECT
/*C18*/SET SCHEMA PUBLIC
DISCONNECT
/*C19*/SET SCHEMA PUBLIC
DISCONNECT
/*C20*/SET SCHEMA PUBLIC
DELETE FROM USUARIO WHERE ID=2
INSERT INTO USUARIO VALUES(2,'teste','aux2','aux')
COMMIT
DISCONNECT
/*C21*/SET SCHEMA PUBLIC
DISCONNECT
/*C22*/SET SCHEMA PUBLIC
DISCONNECT
/*C23*/SET SCHEMA PUBLIC
DISCONNECT
/*C24*/SET SCHEMA PUBLIC
DELETE FROM TELEFONE WHERE ID=1
INSERT INTO TELEFONE VALUES(1,2,81,'111111','p')
COMMIT
DISCONNECT
/*C25*/SET SCHEMA PUBLIC
DISCONNECT
/*C26*/SET SCHEMA PUBLIC
DISCONNECT
/*C27*/SET SCHEMA PUBLIC
DELETE FROM TELEFONE WHERE ID=0
DELETE FROM TELEFONE WHERE ID=1
COMMIT
DISCONNECT
/*C28*/SET SCHEMA PUBLIC
DELETE FROM USUARIO WHERE ID=2
COMMIT
DISCONNECT
/*C29*/SET SCHEMA PUBLIC
DISCONNECT
